Using pre-set license

 COMMAND LINE ARGUMENTS:
/Applications/Unity/Hub/Editor/2020.3.10f1/Unity.app/Contents/MacOS/Unity
-adb2
-batchMode
-noUpm
-name
AssetImportWorker0
-projectPath
/Users/todd/Documents/GitHub/SuperSpeightsBros/SuperSpeightsBros
-logFile
Logs/AssetImportWorker0.log
-srvPort
58599
Successfully changed project path to: /Users/todd/Documents/GitHub/SuperSpeightsBros/SuperSpeightsBros
/Users/todd/Documents/GitHub/SuperSpeightsBros/SuperSpeightsBros
Using Asset Import Pipeline V2.
Refreshing native plugins compatible for Editor in 156.18 ms, found 3 plugins.
Preloading 0 native plugins for Editor in 0.00 ms.
Initialize engine version: 2020.3.10f1 (297d780c91bc)
[Subsystems] Discovering subsystems at path /Applications/Unity/Hub/Editor/2020.3.10f1/Unity.app/Contents/Resources/UnitySubsystems
[Subsystems] Discovering subsystems at path /Users/todd/Documents/GitHub/SuperSpeightsBros/SuperSpeightsBros/Assets
GfxDevice: creating device client; threaded=0
2021-05-31 10:30:59.273 Unity[73555:5615171] Color LCD preferred device: Intel(R) Iris(TM) Graphics 6000 (low power)
2021-05-31 10:30:59.273 Unity[73555:5615171] Metal devices available: 1
2021-05-31 10:30:59.273 Unity[73555:5615171] 0: Intel(R) Iris(TM) Graphics 6000 (low power)
2021-05-31 10:30:59.275 Unity[73555:5615171] Using device Intel(R) Iris(TM) Graphics 6000 (low power)
Initializing Metal device caps: Intel(R) Iris(TM) Graphics 6000
Initialize mono
Mono path[0] = '/Applications/Unity/Hub/Editor/2020.3.10f1/Unity.app/Contents/Managed'
Mono path[1] = '/Applications/Unity/Hub/Editor/2020.3.10f1/Unity.app/Contents/MonoBleedingEdge/lib/mono/unityjit'
Mono config path = '/Applications/Unity/Hub/Editor/2020.3.10f1/Unity.app/Contents/MonoBleedingEdge/etc'
Using monoOptions --debugger-agent=transport=dt_socket,embedding=1,server=y,suspend=n,address=127.0.0.1:56555
Begin MonoManager ReloadAssembly
Registering precompiled unity dll's ...
Register platform support module: /Applications/Unity/Hub/Editor/2020.3.10f1/Unity.app/Contents/PlaybackEngines/MacStandaloneSupport/UnityEditor.OSXStandalone.Extensions.dll
Registered in 0.002216 seconds.
Native extension for OSXStandalone target not found
Refreshing native plugins compatible for Editor in 173.36 ms, found 3 plugins.
Preloading 0 native plugins for Editor in 0.00 ms.
Mono: successfully reloaded assembly
- Completed reload, in  7.509 seconds
Platform modules already initialized, skipping
Registering precompiled user dll's ...
Registered in 0.011049 seconds.
Begin MonoManager ReloadAssembly
Native extension for OSXStandalone target not found
Refreshing native plugins compatible for Editor in 128.75 ms, found 3 plugins.
Preloading 0 native plugins for Editor in 0.00 ms.
Mono: successfully reloaded assembly
- Completed reload, in  3.697 seconds
Platform modules already initialized, skipping
========================================================================
Worker process is ready to serve import requests
Launching external process: /Applications/Unity/Hub/Editor/2020.3.10f1/Unity.app/Contents/Tools/UnityShaderCompiler
Launched and connected shader compiler UnityShaderCompiler after 0.03 seconds
Refreshing native plugins compatible for Editor in 0.95 ms, found 3 plugins.
Preloading 0 native plugins for Editor in 0.00 ms.
Unloading 2079 Unused Serialized files (Serialized files now loaded: 0)
System memory in use before: 168.9 MB.
System memory in use after: 169.0 MB.

Unloading 28 unused Assets to reduce memory usage. Loaded Objects now: 2517.
Total: 6.846417 ms (FindLiveObjects: 0.663864 ms CreateObjectMapping: 0.273549 ms MarkObjects: 5.529475 ms  DeleteObjects: 0.377036 ms)

========================================================================
Received Import Request.
  path: Assets/Scripts
  artifactKey: Guid(34b4a724714b6485cb20fb12f16f8c2a) Importer(815301076,1909f56bfc062723c751e8b465ee728b)
Start importing Assets/Scripts using Guid(34b4a724714b6485cb20fb12f16f8c2a) Importer(815301076,1909f56bfc062723c751e8b465ee728b)  -> (artifact id: '35b26dfc89b9e2899e9a540a49415d9f') in 0.018833 seconds
  Import took 0.030443 seconds .

========================================================================
Received Import Request.
  Time since last request: 9.379904 seconds.
  path: Assets/Prefabs
  artifactKey: Guid(0b43cd04a8ebb48e8967a51480201885) Importer(815301076,1909f56bfc062723c751e8b465ee728b)
Start importing Assets/Prefabs using Guid(0b43cd04a8ebb48e8967a51480201885) Importer(815301076,1909f56bfc062723c751e8b465ee728b)  -> (artifact id: '2cff1b8ca47b4d570e96c2631aa16fde') in 0.007532 seconds
  Import took 0.018044 seconds .

========================================================================
Received Import Request.
  Time since last request: 0.000663 seconds.
  path: Assets/Prefabs
  artifactKey: Guid(0b43cd04a8ebb48e8967a51480201885) Importer(815301076,1909f56bfc062723c751e8b465ee728b)
Start importing Assets/Prefabs using Guid(0b43cd04a8ebb48e8967a51480201885) Importer(815301076,1909f56bfc062723c751e8b465ee728b)  -> (artifact id: '2cff1b8ca47b4d570e96c2631aa16fde') in 0.003343 seconds
  Import took 0.015427 seconds .

========================================================================
Received Import Request.
  Time since last request: 14.471601 seconds.
  path: Assets/Materials
  artifactKey: Guid(777d1f203a14c46179f6bde30dedb174) Importer(815301076,1909f56bfc062723c751e8b465ee728b)
Start importing Assets/Materials using Guid(777d1f203a14c46179f6bde30dedb174) Importer(815301076,1909f56bfc062723c751e8b465ee728b)  -> (artifact id: 'e3cf3a73b59e00de1f99a5dfe31eff3f') in 0.005956 seconds
  Import took 0.018029 seconds .

========================================================================
Received Import Request.
  Time since last request: 0.012263 seconds.
  path: Assets/Materials
  artifactKey: Guid(777d1f203a14c46179f6bde30dedb174) Importer(815301076,1909f56bfc062723c751e8b465ee728b)
Start importing Assets/Materials using Guid(777d1f203a14c46179f6bde30dedb174) Importer(815301076,1909f56bfc062723c751e8b465ee728b)  -> (artifact id: 'e3cf3a73b59e00de1f99a5dfe31eff3f') in 0.008111 seconds
  Import took 0.016541 seconds .

========================================================================
Received Prepare
Registering precompiled user dll's ...
Registered in 0.007769 seconds.
Begin MonoManager ReloadAssembly
Native extension for OSXStandalone target not found
Refreshing native plugins compatible for Editor in 0.62 ms, found 3 plugins.
Preloading 0 native plugins for Editor in 0.00 ms.
Mono: successfully reloaded assembly
- Completed reload, in  3.367 seconds
Platform modules already initialized, skipping
Refreshing native plugins compatible for Editor in 0.96 ms, found 3 plugins.
Preloading 0 native plugins for Editor in 0.00 ms.
Unloading 2071 Unused Serialized files (Serialized files now loaded: 0)
System memory in use before: 169.6 MB.
System memory in use after: 169.7 MB.

Unloading 17 unused Assets to reduce memory usage. Loaded Objects now: 2521.
Total: 5.337855 ms (FindLiveObjects: 0.759078 ms CreateObjectMapping: 0.261509 ms MarkObjects: 4.267935 ms  DeleteObjects: 0.047068 ms)

========================================================================
Received Import Request.
  Time since last request: 27.194560 seconds.
  path: Assets/Scripts/NewBehaviourScript.cs
  artifactKey: Guid(c0d8a138c8c4d44ab9694c318f3b7651) Importer(815301076,1909f56bfc062723c751e8b465ee728b)
Start importing Assets/Scripts/NewBehaviourScript.cs using Guid(c0d8a138c8c4d44ab9694c318f3b7651) Importer(815301076,1909f56bfc062723c751e8b465ee728b)  -> (artifact id: '05467c3a73faf25f1d7b85c89e7eb8df') in 0.393876 seconds
  Import took 0.404013 seconds .

========================================================================
Received Import Request.
  Time since last request: 32.976400 seconds.
  path: Assets/Scripts/PlayerMovement.cs
  artifactKey: Guid(c0d8a138c8c4d44ab9694c318f3b7651) Importer(815301076,1909f56bfc062723c751e8b465ee728b)
Start importing Assets/Scripts/PlayerMovement.cs using Guid(c0d8a138c8c4d44ab9694c318f3b7651) Importer(815301076,1909f56bfc062723c751e8b465ee728b)  -> (artifact id: '76ad890f92c4438b5eff1fffad310143') in 0.003872 seconds
  Import took 0.018685 seconds .

========================================================================
Received Prepare
Registering precompiled user dll's ...
Registered in 0.010693 seconds.
Begin MonoManager ReloadAssembly
Native extension for OSXStandalone target not found
Refreshing native plugins compatible for Editor in 0.57 ms, found 3 plugins.
Preloading 0 native plugins for Editor in 0.00 ms.
Mono: successfully reloaded assembly
- Completed reload, in  2.346 seconds
Platform modules already initialized, skipping
Refreshing native plugins compatible for Editor in 0.59 ms, found 3 plugins.
Preloading 0 native plugins for Editor in 0.00 ms.
Unloading 2071 Unused Serialized files (Serialized files now loaded: 0)
System memory in use before: 174.6 MB.
System memory in use after: 174.7 MB.

Unloading 17 unused Assets to reduce memory usage. Loaded Objects now: 2524.
Total: 3.150491 ms (FindLiveObjects: 0.262845 ms CreateObjectMapping: 0.097580 ms MarkObjects: 2.760152 ms  DeleteObjects: 0.028255 ms)

========================================================================
Received Import Request.
  Time since last request: 223.241507 seconds.
  path: Assets/Sprites
  artifactKey: Guid(ee15e8aefc70a46edaf706a42a649775) Importer(815301076,1909f56bfc062723c751e8b465ee728b)
Start importing Assets/Sprites using Guid(ee15e8aefc70a46edaf706a42a649775) Importer(815301076,1909f56bfc062723c751e8b465ee728b)  -> (artifact id: 'b6174d14db64ca3652c51905e62bf8f5') in 0.109041 seconds
  Import took 0.164749 seconds .

========================================================================
Received Import Request.
  Time since last request: 68.409156 seconds.
  path: Assets/Sprites/Square.png
  artifactKey: Guid(5b0101a05784d476591299563458175a) Importer(815301076,1909f56bfc062723c751e8b465ee728b)
Start importing Assets/Sprites/Square.png using Guid(5b0101a05784d476591299563458175a) Importer(815301076,1909f56bfc062723c751e8b465ee728b)  -> (artifact id: 'a4240c4fc2ec39e757300bfb9169ec76') in 1.320603 seconds
  Import took 1.327742 seconds .

